Traceback (most recent call last):
  File "/Users/pcchen/.local/pipx/venvs/jupyter-book/lib/python3.12/site-packages/jupyter_cache/executors/utils.py", line 58, in single_nb_execution
    executenb(
  File "/Users/pcchen/.local/pipx/venvs/jupyter-book/lib/python3.12/site-packages/nbclient/client.py", line 1314, in execute
    return NotebookClient(nb=nb, resources=resources, km=km, **kwargs).execute()
           ^^^^^^^^^^^^^^^^^^^^^^^^^^^^^^^^^^^^^^^^^^^^^^^^^^^^^^^^^^^^^^^^^^^^^
  File "/Users/pcchen/.local/pipx/venvs/jupyter-book/lib/python3.12/site-packages/jupyter_core/utils/__init__.py", line 165, in wrapped
    return loop.run_until_complete(inner)
           ^^^^^^^^^^^^^^^^^^^^^^^^^^^^^^
  File "/opt/homebrew/Cellar/python@3.12/3.12.4/Frameworks/Python.framework/Versions/3.12/lib/python3.12/asyncio/base_events.py", line 687, in run_until_complete
    return future.result()
           ^^^^^^^^^^^^^^^
  File "/Users/pcchen/.local/pipx/venvs/jupyter-book/lib/python3.12/site-packages/nbclient/client.py", line 709, in async_execute
    await self.async_execute_cell(
  File "/Users/pcchen/.local/pipx/venvs/jupyter-book/lib/python3.12/site-packages/nbclient/client.py", line 1062, in async_execute_cell
    await self._check_raise_for_error(cell, cell_index, exec_reply)
  File "/Users/pcchen/.local/pipx/venvs/jupyter-book/lib/python3.12/site-packages/nbclient/client.py", line 918, in _check_raise_for_error
    raise CellExecutionError.from_cell_and_msg(cell, exec_reply_content)
nbclient.exceptions.CellExecutionError: An error occurred while executing the following cell:
------------------
from qiskit.primitives import Estimator
from qiskit.circuit.library import RealAmplitudes
from qiskit.quantum_info import SparsePauliOp
 
psi1 = RealAmplitudes(num_qubits=2, reps=2)
psi2 = RealAmplitudes(num_qubits=2, reps=3)
 
H1 = SparsePauliOp.from_list([("II", 1), ("IZ", 2), ("XI", 3)])
H2 = SparsePauliOp.from_list([("IZ", 1)])
H3 = SparsePauliOp.from_list([("ZI", 1), ("ZZ", 1)])
 
theta1 = [0, 1, 1, 2, 3, 5]
theta2 = [0, 1, 1, 2, 3, 5, 8, 13]
theta3 = [1, 2, 3, 4, 5, 6]
 
estimator = Estimator()
 
# calculate [ <psi1(theta1)|H1|psi1(theta1)> ]
job = estimator.run([psi1], [H1], [theta1])
job_result = job.result() # It will block until the job finishes.
print(f"The primitive-job finished with result {job_result}")
 
# calculate [ <psi1(theta1)|H1|psi1(theta1)>,
#             <psi2(theta2)|H2|psi2(theta2)>,
#             <psi1(theta3)|H3|psi1(theta3)> ]
job2 = estimator.run([psi1, psi2, psi1], [H1, H2, H3], [theta1, theta2, theta3])
job_result = job2.result()
print(f"The primitive-job finished with result {job_result}")
------------------


[0;31m---------------------------------------------------------------------------[0m
[0;31mModuleNotFoundError[0m                       Traceback (most recent call last)
Cell [0;32mIn[1], line 1[0m
[0;32m----> 1[0m [38;5;28;01mfrom[39;00m [38;5;21;01mqiskit[39;00m[38;5;21;01m.[39;00m[38;5;21;01mprimitives[39;00m [38;5;28;01mimport[39;00m Estimator
[1;32m      2[0m [38;5;28;01mfrom[39;00m [38;5;21;01mqiskit[39;00m[38;5;21;01m.[39;00m[38;5;21;01mcircuit[39;00m[38;5;21;01m.[39;00m[38;5;21;01mlibrary[39;00m [38;5;28;01mimport[39;00m RealAmplitudes
[1;32m      3[0m [38;5;28;01mfrom[39;00m [38;5;21;01mqiskit[39;00m[38;5;21;01m.[39;00m[38;5;21;01mquantum_info[39;00m [38;5;28;01mimport[39;00m SparsePauliOp

[0;31mModuleNotFoundError[0m: No module named 'qiskit'

