Traceback (most recent call last):
  File "/Users/pcchen/myvenv/lib/python3.13/site-packages/jupyter_cache/executors/utils.py", line 58, in single_nb_execution
    executenb(
    ~~~~~~~~~^
        nb,
        ^^^
    ...<4 lines>...
        **kwargs,
        ^^^^^^^^^
    )
    ^
  File "/Users/pcchen/myvenv/lib/python3.13/site-packages/nbclient/client.py", line 1314, in execute
    return NotebookClient(nb=nb, resources=resources, km=km, **kwargs).execute()
           ~~~~~~~~~~~~~~~~~~~~~~~~~~~~~~~~~~~~~~~~~~~~~~~~~~~~~~~~~~~~~~~~~~~^^
  File "/Users/pcchen/myvenv/lib/python3.13/site-packages/jupyter_core/utils/__init__.py", line 165, in wrapped
    return loop.run_until_complete(inner)
           ~~~~~~~~~~~~~~~~~~~~~~~^^^^^^^
  File "/opt/homebrew/Cellar/python@3.13/3.13.1/Frameworks/Python.framework/Versions/3.13/lib/python3.13/asyncio/base_events.py", line 720, in run_until_complete
    return future.result()
           ~~~~~~~~~~~~~^^
  File "/Users/pcchen/myvenv/lib/python3.13/site-packages/nbclient/client.py", line 709, in async_execute
    await self.async_execute_cell(
        cell, index, execution_count=self.code_cells_executed + 1
    )
  File "/Users/pcchen/myvenv/lib/python3.13/site-packages/nbclient/client.py", line 1062, in async_execute_cell
    await self._check_raise_for_error(cell, cell_index, exec_reply)
  File "/Users/pcchen/myvenv/lib/python3.13/site-packages/nbclient/client.py", line 918, in _check_raise_for_error
    raise CellExecutionError.from_cell_and_msg(cell, exec_reply_content)
nbclient.exceptions.CellExecutionError: An error occurred while executing the following cell:
------------------
import numpy as np
from qiskit.qobj.utils import MeasLevel
from qiskit_experiments.framework import ParallelExperiment
from qiskit_experiments.library import T1
from qiskit_experiments.library.characterization.analysis.t1_analysis import T1KerneledAnalysis

# A T1 simulator
from qiskit.providers.fake_provider import FakePerth, FakeCairo
from qiskit_aer import AerSimulator
from qiskit_aer.noise import NoiseModel

# A kerneled data simulator
from qiskit_experiments.test.mock_iq_backend import MockIQBackend
from qiskit_experiments.test.mock_iq_helpers import MockIQT1Helper

# Create a pure relaxation noise model for AerSimulator
noise_model = NoiseModel.from_backend(
    FakeCairo(), thermal_relaxation=True, gate_error=False, readout_error=False
)

# Create a fake backend simulator
backend = AerSimulator.from_backend(FakePerth(), noise_model=noise_model)

# Look up target T1 of qubit-0 from device properties
qubit0_t1 = FakePerth().qubit_properties(0).t1

# Time intervals to wait before measurement
delays = np.arange(1e-6, 3 * qubit0_t1, 3e-5)
# Create an experiment for qubit 0
# with the specified time intervals
exp = T1(physical_qubits=(0,), delays=delays)

# Set scheduling method so circuit is scheduled for delay noise simulation
exp.set_transpile_options(scheduling_method='asap')

# Run the experiment circuits and analyze the result
exp_data = exp.run(backend=backend, seed_simulator=101).block_for_results()

# Print the result
display(exp_data.figure(0))
for result in exp_data.analysis_results():
    print(result)
------------------


[0;31m---------------------------------------------------------------------------[0m
[0;31mModuleNotFoundError[0m                       Traceback (most recent call last)
Cell [0;32mIn[1], line 2[0m
[1;32m      1[0m [38;5;28;01mimport[39;00m [38;5;21;01mnumpy[39;00m [38;5;28;01mas[39;00m [38;5;21;01mnp[39;00m
[0;32m----> 2[0m [38;5;28;01mfrom[39;00m [38;5;21;01mqiskit[39;00m[38;5;21;01m.[39;00m[38;5;21;01mqobj[39;00m[38;5;21;01m.[39;00m[38;5;21;01mutils[39;00m [38;5;28;01mimport[39;00m MeasLevel
[1;32m      3[0m [38;5;28;01mfrom[39;00m [38;5;21;01mqiskit_experiments[39;00m[38;5;21;01m.[39;00m[38;5;21;01mframework[39;00m [38;5;28;01mimport[39;00m ParallelExperiment
[1;32m      4[0m [38;5;28;01mfrom[39;00m [38;5;21;01mqiskit_experiments[39;00m[38;5;21;01m.[39;00m[38;5;21;01mlibrary[39;00m [38;5;28;01mimport[39;00m T1

[0;31mModuleNotFoundError[0m: No module named 'qiskit'

